[system] 2021-6-21 0:43:51 成功创建日志目录：/Users/wos/Desktop/live-server/mediaDisk 
[SYSTEM] 2021-6-21 0:49:13 API服务已启动,端口是：8080 
[SYSTEM] 2021-6-21 0:49:55 API服务已启动,端口是：8080 
[SYSTEM] 2021-6-21 0:50:21 API服务已启动,端口是：8080 
[SYSTEM] 2021-6-21 0:52:27 API服务已启动,端口是：8080 
[SYSTEM] 2021-6-21 0:53:19 API服务已启动,端口是：8080 
[SYSTEM] 2021-6-21 0:53:42 API服务已启动,端口是:8080 
[SYSTEM] 2021-6-21 0:57:9 API服务已启动,端口是:8080 
[SYSTEM] 2021-6-21 1:6:2 API服务已启动,端口是:8080 
[SYSTEM] 2021-6-21 1:8:33 API服务已启动,端口是:8080 
[SYSTEM] 2021-6-21 1:12:47 API服务已启动,端口是:8080 
[SYSTEM] 2021-6-21 1:18:31 API服务已启动,端口是:8080 
[[API]] 2021-6-21 1:18:35 [√]::1 ::> /version 
[SYSTEM] 2021-6-21 1:22:36 API服务已启动,端口是:8080 
[[API]] 2021-6-21 1:22:47 [×]密钥访问错误，::1 ::> /hls 
[[API]] 2021-6-21 1:23:3 [√]，::1 ::> /hls 
[[API]] 2021-6-21 1:47:47 [√]，::1 ::> /hls 
[[API]] 2021-6-21 1:47:56 [√]，::1 ::> /hls 
[SYSTEM] 2021-6-21 1:48:3 API服务已启动,端口是:8080 
[[API]] 2021-6-21 1:48:6 [√]，::1 ::> /hls 
[SYSTEM] 2021-6-21 1:50:5 API服务已启动,端口是:8080 
[[API]] 2021-6-21 1:50:8 [√]，::1 ::> /hls 
[[API]] 2021-6-21 1:50:12 [√]，::1 ::> /hls 
[SYSTEM] 2021-6-21 1:50:28 API服务已启动,端口是:8080 
[[API]] 2021-6-21 1:50:30 [√]，::1 ::> /hls 
[SYSTEM] 2021-6-21 1:50:44 API服务已启动,端口是:8080 
[SYSTEM] 2021-6-21 1:50:51 API服务已启动,端口是:8080 
[SYSTEM] 2021-6-21 1:50:54 API服务已启动,端口是:8080 
[[API]] 2021-6-21 1:50:56 [√]，::1 ::> /hls 
[SYSTEM] 2021-6-21 1:51:7 API服务已启动,端口是:8080 
[[API]] 2021-6-21 1:51:9 [√]，::1 ::> /hls 
[SYSTEM] 2021-6-21 1:51:21 API服务已启动,端口是:8080 
[[API]] 2021-6-21 1:51:25 [√]，::1 ::> /hls 
[SYSTEM] 2021-6-21 1:52:16 API服务已启动,端口是:8080 
[[API]] 2021-6-21 1:52:19 [√]，::1 ::> /hls 
[SYSTEM] 2021-6-21 1:52:37 API服务已启动,端口是:8080 
[[API]] 2021-6-21 1:52:39 [√]，::1 ::> /hls 
[SYSTEM] 2021-6-21 1:53:19 API服务已启动,端口是:8080 
[[API]] 2021-6-21 1:53:22 [√]，::1 ::> /hls 
[SYSTEM] 2021-6-21 1:53:46 API服务已启动,端口是:8080 
[[API]] 2021-6-21 1:53:47 [√]，::1 ::> /hls 
[SYSTEM] 2021-6-21 1:58:23 API服务已启动,端口是:8080 
[SYSTEM] 2021-6-21 1:59:33 API服务已启动,端口是:8080 
[SYSTEM] 2021-6-21 1:59:34 API服务已启动,端口是:8080 
[SYSTEM] 2021-6-21 2:3:6 API服务已启动,端口是:8080 
[[API]] 2021-6-21 2:3:8 [√]，::1 ::> /hls 
[[API]] 2021-6-21 2:3:45 [√]，::1 ::> /hls 
[[API]] 2021-6-21 2:3:50 [√]，::1 ::> /hls 
[[API]] 2021-6-21 2:3:57 [√]，::1 ::> /hls 
[[API]] 2021-6-21 2:4:6 [√]，::1 ::> /hls 
[SYSTEM] 2021-6-21 2:6:58 API服务已启动,端口是:8080 
[[API]] 2021-6-21 2:7:7 [√]，::1 ::> /hls 
[[API]] 2021-6-21 2:7:51 [√]，::1 ::> /hls 
[[API]] 2021-6-21 2:8:12 [√]，::1 ::> /hls 
[SYSTEM] 2021-6-21 2:8:49 API服务已启动,端口是:8080 
[[API]] 2021-6-21 2:8:52 [√]，::1 ::> /hls 
[SYSTEM] 2021-6-21 2:10:3 API服务已启动,端口是:8080 
[[API]] 2021-6-21 2:10:6 [√]，::1 ::> /hls 
[SYSTEM] 2021-6-21 2:10:15 API服务已启动,端口是:8080 
[[API]] 2021-6-21 2:10:18 [√]，::1 ::> /hls 
[SYSTEM] 2021-6-21 2:13:44 API服务已启动,端口是:8080 
[[API]] 2021-6-21 2:13:47 [√]，::1 ::> /hls 
[SYSTEM] 2021-6-21 2:13:53 API服务已启动,端口是:8080 
[[API]] 2021-6-21 2:13:59 [√]，::1 ::> /hls 
[SYSTEM] 2021-6-21 2:14:14 API服务已启动,端口是:8080 
[[API]] 2021-6-21 2:14:16 [√]，::1 ::> /hls 
[SYSTEM] 2021-6-21 2:14:41 API服务已启动,端口是:8080 
[[API]] 2021-6-21 2:14:45 [√]，::1 ::> /hls 
[SYSTEM] 2021-6-21 2:15:16 API服务已启动,端口是:8080 
[[API]] 2021-6-21 2:15:19 [√]，::1 ::> /hls 
[SYSTEM] 2021-6-21 2:15:26 API服务已启动,端口是:8080 
[[API]] 2021-6-21 2:15:29 [√]，::1 ::> /hls 
[SYSTEM] 2021-6-21 2:15:45 API服务已启动,端口是:8080 
[[API]] 2021-6-21 2:15:47 [√]，::1 ::> /hls 
[[API]] 2021-6-21 2:15:49 [√]，::1 ::> /hls 
[SYSTEM] 2021-6-21 2:16:18 API服务已启动,端口是:8080 
[SYSTEM] 2021-6-21 2:17:23 API服务已启动,端口是:8080 
[[API]] 2021-6-21 2:17:25 [√]，::1 ::> /hls 
[SYSTEM] 2021-6-21 2:18:29 API服务已启动,端口是:8080 
[[API]] 2021-6-21 2:18:32 [√]，::1 ::> /hls 
[[API]] 2021-6-21 2:18:35 [√]，::1 ::> /hls 
[SYSTEM] 2021-6-21 2:18:51 API服务已启动,端口是:8080 
[[API]] 2021-6-21 2:18:54 [√]，::1 ::> /hls 
[SYSTEM] 2021-6-21 2:19:40 API服务已启动,端口是:8080 
[[API]] 2021-6-21 2:19:43 [√]，::1 ::> /hls 
[SYSTEM] 2021-6-21 2:20:10 API服务已启动,端口是:8080 
[SYSTEM] 2021-6-21 2:20:20 API服务已启动,端口是:8080 
[[API]] 2021-6-21 2:22:12 [√]，::1 ::> /hls 
[SYSTEM] 2021-6-21 2:22:38 API服务已启动,端口是:8080 
[[API]] 2021-6-21 2:22:40 [√]，::1 ::> /hls 
[[API]] 2021-6-21 2:22:43 [√]，::1 ::> /hls 
[SYSTEM] 2021-6-21 2:23:6 API服务已启动,端口是:8080 
[[API]] 2021-6-21 2:23:11 [√]，::1 ::> /hls 
[SYSTEM] 2021-6-21 2:23:32 API服务已启动,端口是:8080 
[[API]] 2021-6-21 2:23:35 [√]，::1 ::> /hls 
[SYSTEM] 2021-6-21 2:34:21 API服务已启动,端口是:8080 
[[API]] 2021-6-21 2:34:24 [√]，::1 ::> /hls 
[SYSTEM] 2021-6-21 2:34:47 API服务已启动,端口是:8080 
[[API]] 2021-6-21 2:34:49 [√]，::1 ::> /hls 
[SYSTEM] 2021-6-21 2:35:10 API服务已启动,端口是:8080 
[[API]] 2021-6-21 2:35:13 [√]，::1 ::> /hls 
[SYSTEM] 2021-6-21 2:36:10 API服务已启动,端口是:8080 
[SYSTEM] 2021-6-21 2:36:43 API服务已启动,端口是:8080 
[[API]] 2021-6-21 2:36:46 [√]，::1 ::> /hls 
[SYSTEM] 2021-6-21 2:37:23 API服务已启动,端口是:8080 
[[API]] 2021-6-21 2:37:28 [√]，::1 ::> /hls 
[[API]] 2021-6-21 2:37:42 [√]，::1 ::> /hls 
[[API]] 2021-6-21 2:38:5 [√]，::1 ::> /hls 
[SYSTEM] 2021-6-21 2:38:23 API服务已启动,端口是:8080 
[SYSTEM] 2021-6-21 2:40:49 API服务已启动,端口是:8080 
[[API]] 2021-6-21 2:40:53 [√]，::1 ::> /hls 
[SYSTEM] 2021-6-21 2:41:5 API服务已启动,端口是:8080 
[[API]] 2021-6-21 2:41:7 [√]，::1 ::> /hls 
[SYSTEM] 2021-6-21 2:41:20 API服务已启动,端口是:8080 
[[API]] 2021-6-21 2:41:23 [√]，::1 ::> /hls 
[SYSTEM] 2021-6-21 2:44:12 API服务已启动,端口是:8080 
[[API]] 2021-6-21 2:44:15 [√]，::1 ::> /hls 
[SYSTEM] 2021-6-21 2:44:50 API服务已启动,端口是:8080 
[[API]] 2021-6-21 2:44:55 [√]，::1 ::> /hls 
[SYSTEM] 2021-6-21 2:45:10 API服务已启动,端口是:8080 
[[API]] 2021-6-21 2:45:15 [√]，::1 ::> /hls 
[SYSTEM] 2021-6-21 2:48:29 API服务已启动,端口是:8080 
[[API]] 2021-6-21 2:48:32 [√]，::1 ::> /hls 
[SYSTEM] 2021-6-21 2:48:33 API服务已启动,端口是:8080 
[SYSTEM] 2021-6-21 2:49:43 API服务已启动,端口是:8080 
[[API]] 2021-6-21 2:49:49 [√]，::1 ::> /hls 
[SYSTEM] 2021-6-21 2:50:17 API服务已启动,端口是:8080 
[SYSTEM] 2021-6-21 2:53:24 API服务已启动,端口是:8080 
[[API]] 2021-6-21 2:53:55 [√]，::1 ::> /hls 
[SYSTEM] 2021-6-21 2:53:55 API服务已启动,端口是:8080 
[SYSTEM] 2021-6-21 2:54:5 API服务已启动,端口是:8080 
[[API]] 2021-6-21 2:54:49 [√]，::1 ::> /hls 
[[API]] 2021-6-21 2:55:9 [√]，::1 ::> /hls 
[SYSTEM] 2021-6-21 2:57:52 API服务已启动,端口是:8080 
[SYSTEM] 2021-6-21 3:5:46 API服务已启动,端口是:8080 
[SYSTEM] 2021-6-21 3:10:30 API服务已启动,端口是:8080 
[[API]] 2021-6-21 3:10:34 [√]，::1 ::> /hls 
[SYSTEM] 2021-6-21 3:11:46 API服务已启动,端口是:8080 
[SYSTEM] 2021-6-21 3:11:47 API服务已启动,端口是:8080 
[[API]] 2021-6-21 3:11:50 [√]，::1 ::> /hls 
[SYSTEM] 2021-6-21 3:11:51 API服务已启动,端口是:8080 
[SYSTEM] 2021-6-21 3:12:9 API服务已启动,端口是:8080 
[SYSTEM] 2021-6-21 3:13:3 API服务已启动,端口是:8080 
[[API]] 2021-6-21 3:13:8 [√]，::1 ::> /hls 
[SYSTEM] 2021-6-21 3:13:9 API服务已启动,端口是:8080 
[SYSTEM] 2021-6-21 3:13:19 API服务已启动,端口是:8080 
[[API]] 2021-6-21 3:13:21 [√]，::1 ::> /hls 
[SYSTEM] 2021-6-21 3:14:24 API服务已启动,端口是:8080 
[SYSTEM] 2021-6-21 3:14:52 API服务已启动,端口是:8080 
[SYSTEM] 2021-6-21 3:14:59 API服务已启动,端口是:8080 
[SYSTEM] 2021-6-21 3:15:3 API服务已启动,端口是:8080 
[SYSTEM] 2021-6-21 3:18:9 API服务已启动,端口是:8080 
[SYSTEM] 2021-6-21 3:19:24 API服务已启动,端口是:8080 
[SYSTEM] 2021-6-21 3:20:19 API服务已启动,端口是:8080 
[SYSTEM] 2021-6-21 3:21:37 API服务已启动,端口是:8080 
[SYSTEM] 2021-6-21 3:24:6 API服务已启动,端口是:8080 
[[API]] 2021-6-21 3:24:37 [√]，::1 ::> /hls 
[SYSTEM] 2021-6-21 3:28:12 API服务已启动,端口是:8080 
[SYSTEM] 2021-6-21 3:28:33 API服务已启动,端口是:8080 
[SYSTEM] 2021-6-21 3:32:33 API服务已启动,端口是:8080 
[SYSTEM] 2021-6-21 3:32:34 API服务已启动,端口是:8080 
[SYSTEM] 2021-6-21 3:35:34 API服务已启动,端口是:8080 
[SYSTEM] 2021-6-21 3:36:9 API服务已启动,端口是:8080 
[SYSTEM] 2021-6-21 3:36:31 API服务已启动,端口是:8080 
[SYSTEM] 2021-6-21 3:36:39 API服务已启动,端口是:8080 
[SYSTEM] 2021-6-21 3:36:54 API服务已启动,端口是:8080 
[[API]] 2021-6-21 3:36:57 [√]，::1 ::> /hls 
[SYSTEM] 2021-6-21 3:37:41 API服务已启动,端口是:8080 
[[API]] 2021-6-21 3:37:55 [√]，::1 ::> /hls 
[SYSTEM] 2021-6-21 3:39:20 API服务已启动,端口是:8080 
[[API]] 2021-6-21 3:39:22 [√]，::1 ::> /hls 
[SYSTEM] 2021-6-21 3:39:50 API服务已启动,端口是:8080 
[[API]] 2021-6-21 3:40:5 [√]，::1 ::> /hls 
[SYSTEM] 2021-6-21 3:40:16 API服务已启动,端口是:8080 
[[API]] 2021-6-21 3:40:19 [√]，::1 ::> /hls 
[SYSTEM] 2021-6-21 3:40:33 API服务已启动,端口是:8080 
[[API]] 2021-6-21 3:40:37 [√]，::1 ::> /hls 
[SYSTEM] 2021-6-21 3:41:2 API服务已启动,端口是:8080 
[[API]] 2021-6-21 3:41:5 [√]，::1 ::> /hls 
[SYSTEM] 2021-6-21 3:42:0 API服务已启动,端口是:8080 
[[API]] 2021-6-21 3:42:5 [√]，::1 ::> /hls 
[SYSTEM] 2021-6-21 3:42:50 API服务已启动,端口是:8080 
[[API]] 2021-6-21 3:42:54 [√]，::1 ::> /hls 
[SYSTEM] 2021-6-21 3:42:55 API服务已启动,端口是:8080 
[SYSTEM] 2021-6-21 3:44:17 API服务已启动,端口是:8080 
[[API]] 2021-6-21 3:44:20 [√]，::1 ::> /hls 
[SYSTEM] 2021-6-21 3:44:21 API服务已启动,端口是:8080 
[SYSTEM] 2021-6-21 3:44:37 API服务已启动,端口是:8080 
[SYSTEM] 2021-6-21 3:44:42 API服务已启动,端口是:8080 
[[API]] 2021-6-21 3:44:44 [√]，::1 ::> /hls 
[SYSTEM] 2021-6-21 3:44:56 API服务已启动,端口是:8080 
[[API]] 2021-6-21 3:44:58 [√]，::1 ::> /hls 
[SYSTEM] 2021-6-21 3:44:59 API服务已启动,端口是:8080 
[SYSTEM] 2021-6-21 3:45:29 API服务已启动,端口是:8080 
[[API]] 2021-6-21 3:45:34 [√]，::1 ::> /hls 
[SYSTEM] 2021-6-21 3:45:35 API服务已启动,端口是:8080 
[SYSTEM] 2021-6-21 3:46:21 API服务已启动,端口是:8080 
[[API]] 2021-6-21 3:46:26 [√]，::1 ::> /hls 
[SYSTEM] 2021-6-21 3:46:27 API服务已启动,端口是:8080 
[SYSTEM] 2021-6-21 3:48:47 API服务已启动,端口是:8080 
[[API]] 2021-6-21 3:48:52 [√]，::1 ::> /hls 
[SYSTEM] 2021-6-21 3:48:53 API服务已启动,端口是:8080 
[SYSTEM] 2021-6-21 3:49:12 API服务已启动,端口是:8080 
[[API]] 2021-6-21 3:49:17 [√]，::1 ::> /hls 
[SYSTEM] 2021-6-21 3:49:18 API服务已启动,端口是:8080 
[SYSTEM] 2021-6-21 3:49:30 API服务已启动,端口是:8080 
[[API]] 2021-6-21 3:49:37 [√]，::1 ::> /hls 
[SYSTEM] 2021-6-21 3:49:38 API服务已启动,端口是:8080 
[SYSTEM] 2021-6-21 3:51:40 API服务已启动,端口是:8080 
[[API]] 2021-6-21 3:51:43 [√]，::1 ::> /hls 
[SYSTEM] 2021-6-21 3:51:44 API服务已启动,端口是:8080 
[SYSTEM] 2021-6-21 3:56:20 API服务已启动,端口是:8080 
[[API]] 2021-6-21 3:56:23 [√]，::1 ::> /hls 
[SYSTEM] 2021-6-21 3:56:23 API服务已启动,端口是:8080 
[SYSTEM] 2021-6-21 3:58:11 API服务已启动,端口是:8080 
[[API]] 2021-6-21 3:58:13 [√]，::1 ::> /hls 
[SYSTEM] 2021-6-21 3:58:14 API服务已启动,端口是:8080 
[SYSTEM] 2021-6-21 3:59:18 API服务已启动,端口是:8080 
[[API]] 2021-6-21 3:59:22 [√]，::1 ::> /hls 
[SYSTEM] 2021-6-21 3:59:22 API服务已启动,端口是:8080 
[[API]] 2021-6-21 3:59:27 [√]，::1 ::> /hls 
[SYSTEM] 2021-6-21 3:59:27 API服务已启动,端口是:8080 
[SYSTEM] 2021-6-21 4:0:7 API服务已启动,端口是:8080 
[[API]] 2021-6-21 4:0:12 [√]，::1 ::> /hls 
[SYSTEM] 2021-6-21 4:0:13 API服务已启动,端口是:8080 
[SYSTEM] 2021-6-21 4:5:2 API服务已启动,端口是:8080 
[[API]] 2021-6-21 4:5:8 [√]，::1 ::> /hls 
[SYSTEM] 2021-6-21 4:5:9 API服务已启动,端口是:8080 
[SYSTEM] 2021-6-21 4:5:26 API服务已启动,端口是:8080 
[SYSTEM] 2021-6-21 4:12:24 API服务已启动,端口是:8080 
[[API]] 2021-6-21 4:12:27 [√]，::1 ::> /hls 
[SYSTEM] 2021-6-21 4:12:27 API服务已启动,端口是:8080 
[SYSTEM] 2021-6-21 4:12:41 API服务已启动,端口是:8080 
[[API]] 2021-6-21 4:12:44 [√]，::1 ::> /hls 
[SYSTEM] 2021-6-21 4:12:44 API服务已启动,端口是:8080 
[SYSTEM] 2021-6-21 4:13:0 API服务已启动,端口是:8080 
[[API]] 2021-6-21 4:13:3 [√]，::1 ::> /hls 
[SYSTEM] 2021-6-21 4:13:3 API服务已启动,端口是:8080 
[SYSTEM] 2021-6-21 4:13:12 API服务已启动,端口是:8080 
[[API]] 2021-6-21 4:13:14 [√]，::1 ::> /hls 
[SYSTEM] 2021-6-21 4:13:14 API服务已启动,端口是:8080 
[SYSTEM] 2021-6-21 4:15:8 API服务已启动,端口是:8080 
[[API]] 2021-6-21 4:15:12 [√]，::1 ::> /hls 
[SYSTEM] 2021-6-21 4:15:13 API服务已启动,端口是:8080 
[SYSTEM] 2021-6-21 4:36:23 API服务已启动,端口是:8080 
[[API]] 2021-6-21 4:36:26 [√]，::1 ::> /hls 
[SYSTEM] 2021-6-21 4:36:46 API服务已启动,端口是:8080 
[[API]] 2021-6-21 4:36:50 [√]，::1 ::> /hls 
[SYSTEM] 2021-6-21 4:36:50 API服务已启动,端口是:8080 
[SYSTEM] 2021-6-21 4:36:57 API服务已启动,端口是:8080 
[SYSTEM] 2021-6-21 4:37:0 API服务已启动,端口是:8080 
[[API]] 2021-6-21 4:37:21 [√]，::1 ::> /hls 
[SYSTEM] 2021-6-21 4:37:22 API服务已启动,端口是:8080 
[[API]] 2021-6-21 4:37:26 [√]，::1 ::> /hls 
[SYSTEM] 2021-6-21 4:37:27 API服务已启动,端口是:8080 
[SYSTEM] 2021-6-21 4:41:4 API服务已启动,端口是:8080 
[[API]] 2021-6-21 4:41:8 [√]，::1 ::> /hls 
[SYSTEM] 2021-6-21 4:41:9 API服务已启动,端口是:8080 
[SYSTEM] 2021-6-21 4:41:46 API服务已启动,端口是:8080 
[[API]] 2021-6-21 4:41:50 [√]，::1 ::> /hls 
[SYSTEM] 2021-6-21 4:41:51 API服务已启动,端口是:8080 
[SYSTEM] 2021-6-21 4:42:16 API服务已启动,端口是:8080 
[[API]] 2021-6-21 4:42:39 [√]，::1 ::> /hls 
[SYSTEM] 2021-6-21 4:42:40 API服务已启动,端口是:8080 
[SYSTEM] 2021-6-21 4:43:0 API服务已启动,端口是:8080 
[SYSTEM] 2021-6-21 4:43:1 API服务已启动,端口是:8080 
[[API]] 2021-6-21 4:43:5 [√]，::1 ::> /hls 
[SYSTEM] 2021-6-21 4:43:5 API服务已启动,端口是:8080 
[SYSTEM] 2021-6-21 4:43:44 API服务已启动,端口是:8080 
[[API]] 2021-6-21 7:18:39 [√]，::1 ::> /hls 
[SYSTEM] 2021-6-21 7:18:40 API服务已启动,端口是:8080 
[[API]] 2021-6-21 7:18:56 [√]，::1 ::> /hls 
[SYSTEM] 2021-6-21 7:18:56 API服务已启动,端口是:8080 
[[API]] 2021-6-21 7:19:9 [√]，::1 ::> /hls 
[SYSTEM] 2021-6-21 7:19:10 API服务已启动,端口是:8080 
[[API]] 2021-6-21 7:19:50 [√]，::1 ::> /hls 
[SYSTEM] 2021-6-21 7:19:51 API服务已启动,端口是:8080 
[[API]] 2021-6-21 7:20:48 [√]，::1 ::> /hls 
[SYSTEM] 2021-6-21 7:20:48 API服务已启动,端口是:8080 
[[API]] 2021-6-21 7:21:31 [√]，::1 ::> /hls 
[SYSTEM] 2021-6-21 7:21:32 API服务已启动,端口是:8080 
[SYSTEM] 2021-6-21 7:23:43 API服务已启动,端口是:8080 
[SYSTEM] 2021-6-21 7:24:19 API服务已启动,端口是:8080 
[SYSTEM] 2021-6-21 7:28:16 API服务已启动,端口是:8080 
[SYSTEM] 2021-6-21 7:28:16 API服务已启动,端口是:8080 
[SYSTEM] 2021-6-21 7:29:6 API服务已启动,端口是:8080 
[SYSTEM] 2021-6-21 7:29:6 API服务已启动,端口是:8080 
[SYSTEM] 2021-6-21 7:29:13 API服务已启动,端口是:8080 
[SYSTEM] 2021-6-21 7:30:8 API服务已启动,端口是:8080 
[SYSTEM] 2021-6-21 7:30:21 API服务已启动,端口是:8080 
[SYSTEM] 2021-6-21 7:30:41 API服务已启动,端口是:8080 
[[API]] 2021-6-21 7:30:41 [√]，::1 ::> /hls 
[SYSTEM] 2021-6-21 7:31:50 API服务已启动,端口是:8080 
[SYSTEM] 2021-6-21 7:32:11 API服务已启动,端口是:8080 
[SYSTEM] 2021-6-21 7:32:27 API服务已启动,端口是:8080 
[[API]] 2021-6-21 7:32:31 [√]，::1 ::> /hls 
[SYSTEM] 2021-6-21 7:34:33 API服务已启动,端口是:8080 
[[API]] 2021-6-21 7:34:41 [√]，::1 ::> /hls 
[SYSTEM] 2021-6-21 7:35:54 API服务已启动,端口是:8080 
[[API]] 2021-6-21 7:35:59 [√]，::1 ::> /hls 
[SYSTEM] 2021-6-21 7:36:54 API服务已启动,端口是:8080 
[[API]] 2021-6-21 7:36:58 [√]，::1 ::> /hls 
[SYSTEM] 2021-6-21 7:39:32 API服务已启动,端口是:8080 
[[API]] 2021-6-21 7:39:35 [√]，::1 ::> /hls 
[SYSTEM] 2021-6-21 7:39:36 API服务已启动,端口是:8080 
[SYSTEM] 2021-6-21 7:39:51 API服务已启动,端口是:8080 
[[API]] 2021-6-21 7:39:57 [√]，::1 ::> /hls 
[SYSTEM] 2021-6-21 7:39:58 API服务已启动,端口是:8080 
[SYSTEM] 2021-6-21 7:40:14 API服务已启动,端口是:8080 
[SYSTEM] 2021-6-21 7:40:18 API服务已启动,端口是:8080 
[SYSTEM] 2021-6-21 7:40:56 API服务已启动,端口是:8080 
[[API]] 2021-6-21 7:40:59 [√]，::1 ::> /hls 
[SYSTEM] 2021-6-21 7:44:44 API服务已启动,端口是:8080 
[SYSTEM] 2021-6-21 7:46:52 API服务已启动,端口是:8080 
[SYSTEM] 2021-6-21 7:46:52 API服务已启动,端口是:8080 
[[API]] 2021-6-21 7:46:58 [√]，::1 ::> /hls 
[SYSTEM] 2021-6-21 7:47:47 API服务已启动,端口是:8080 
[SYSTEM] 2021-6-21 7:48:59 API服务已启动,端口是:8080 
[SYSTEM] 2021-6-21 7:54:51 API服务已启动,端口是:8080 
[SYSTEM] 2021-6-21 7:55:14 API服务已启动,端口是:8080 
[SYSTEM] 2021-6-21 7:55:40 API服务已启动,端口是:8080 
[SYSTEM] 2021-6-21 7:55:40 API服务已启动,端口是:8080 
[SYSTEM] 2021-6-21 8:0:52 API服务已启动,端口是:8080 
[[API]] 2021-6-21 8:0:57 [√]，::1 ::> /hls 
[[API]] 2021-6-21 8:1:7 [√]，::1 ::> /hls 
[SYSTEM] 2021-6-21 8:2:1 API服务已启动,端口是:8080 
[SYSTEM] 2021-6-21 8:2:59 API服务已启动,端口是:8080 
[[API]] 2021-6-21 8:3:12 [√]，::1 ::> /hls 
[[API]] 2021-6-21 8:3:36 [√]，::1 ::> /hls 
[[API]] 2021-6-21 8:3:42 [√]，::1 ::> /hls 
[SYSTEM] 2021-6-21 8:3:51 API服务已启动,端口是:8080 
[SYSTEM] 2021-6-21 8:4:0 API服务已启动,端口是:8080 
[[API]] 2021-6-21 8:4:2 [√]，::1 ::> /hls 
[[API]] 2021-6-21 8:4:34 [√]，::1 ::> /hls 
[[API]] 2021-6-21 8:5:29 [√]，::1 ::> /hls 
[[API]] 2021-6-21 8:6:3 [√]，::1 ::> /hls 
[SYSTEM] 2021-6-21 8:8:45 API服务已启动,端口是:8080 
[[API]] 2021-6-21 8:8:51 [√]，::1 ::> /hls 
[SYSTEM] 2021-6-21 8:9:7 API服务已启动,端口是:8080 
[[API]] 2021-6-21 8:9:10 [√]，::1 ::> /hls 
[SYSTEM] 2021-6-21 8:9:29 API服务已启动,端口是:8080 
[[API]] 2021-6-21 8:9:32 [√]，::1 ::> /hls 
[SYSTEM] 2021-6-21 8:13:33 API服务已启动,端口是:8080 
[[API]] 2021-6-21 8:13:38 [√]，::1 ::> /hls 
[SYSTEM] 2021-6-21 8:14:33 API服务已启动,端口是:8080 
[SYSTEM] 2021-6-21 8:14:45 API服务已启动,端口是:8080 
[[API]] 2021-6-21 8:14:55 [√]，::1 ::> /hls 
[SYSTEM] 2021-6-21 8:15:28 API服务已启动,端口是:8080 
[[API]] 2021-6-21 8:15:37 [√]，::1 ::> /hls 
[SYSTEM] 2021-6-21 8:20:10 API服务已启动,端口是:8080 
[SYSTEM] 2021-6-21 8:24:26 API服务已启动,端口是:8080 
[SYSTEM] 2021-6-21 8:24:52 API服务已启动,端口是:8080 
[SYSTEM] 2021-6-21 8:24:53 API服务已启动,端口是:8080 
[[API]] 2021-6-21 8:24:56 [√]，::1 ::> /hls 
[[HLS-NEW]] 2021-6-21 8:25:7 /Users/wos/Desktop/live-server/mediaDisk/2021/06/21/1624235096000958529931/16242350960009585299310.m3u8 
[SYSTEM] 2021-6-21 8:25:8 API服务已启动,端口是:8080 
[SYSTEM] 2021-6-21 8:25:57 API服务已启动,端口是:8080 
[[API]] 2021-6-21 8:26:0 [√]，::1 ::> /hls 
[[HLS-NEW]] 2021-6-21 8:26:16 /Users/wos/Desktop/live-server/mediaDisk/2021/06/21/162423516000020823172/1624235160000208231720.m3u8 
[[HLS-NEW]] 2021-6-21 8:26:19 /Users/wos/Desktop/live-server/mediaDisk/2021/06/21/162423516000020823172/1624235160000208231721.m3u8 
[[API]] 2021-6-21 8:27:25 [√]::ffff:127.0.0.1 ::> /version 
[SYSTEM] 2021-6-21 8:28:20 API服务已启动,端口是:8080 
[SYSTEM] 2021-6-21 8:30:28 API服务已启动,端口是:8080 
[[API]] 2021-6-21 8:30:40 [√]，::1 ::> /hls 
[[HLS-NEW]] 2021-6-21 8:30:53 /Users/wos/Desktop/live-server/mediaDisk/2021/06/21/1624235440000166338687/16242354400001663386870.m3u8 
[[API]] 2021-6-21 8:30:53 [√]::ffff:127.0.0.1 ::> /version 
[[HLS-NEW]] 2021-6-21 8:30:54 /Users/wos/Desktop/live-server/mediaDisk/2021/06/21/1624235440000166338687/16242354400001663386871.m3u8 
[[API]] 2021-6-21 8:30:54 [√]::ffff:127.0.0.1 ::> /version 
[SYSTEM] 2021-6-21 8:31:29 API服务已启动,端口是:8080 
[SYSTEM] 2021-6-21 14:11:21 API服务已启动,端口是:8080 
[SYSTEM] 2021-6-21 14:13:42 API服务已启动,端口是:8080 
[[API]] 2021-6-21 14:13:46 [√]，::1 ::> /hls 
[[API]] 2021-6-21 14:13:48 [√]，::1 ::> /hls 
[[API]] 2021-6-21 14:13:51 [√]，::1 ::> /hls 
[[API]] 2021-6-21 14:13:54 [√]，::1 ::> /hls 
[[API]] 2021-6-21 14:13:57 [√]，::1 ::> /hls 
[[API]] 2021-6-21 14:14:9 [√]，::1 ::> /hls 
[[HLS-NEW]] 2021-6-21 14:14:29 /Users/wos/Desktop/live-server/mediaDisk/2021/06/21/1624256026000854571937/16242560260008545719370.m3u8 
[[API]] 2021-6-21 14:14:29 [√]::ffff:127.0.0.1 ::> /version 
[[HLS-NEW]] 2021-6-21 14:14:31 /Users/wos/Desktop/live-server/mediaDisk/2021/06/21/1624256028000307504372/16242560280003075043720.m3u8 
[[API]] 2021-6-21 14:14:31 [√]::ffff:127.0.0.1 ::> /version 
[[HLS-NEW]] 2021-6-21 14:14:34 /Users/wos/Desktop/live-server/mediaDisk/2021/06/21/1624256031000633319493/16242560310006333194930.m3u8 
[[API]] 2021-6-21 14:14:34 [√]::ffff:127.0.0.1 ::> /version 
[[HLS-NEW]] 2021-6-21 14:14:36 /Users/wos/Desktop/live-server/mediaDisk/2021/06/21/1624256026000854571937/16242560260008545719371.m3u8 
[[API]] 2021-6-21 14:14:36 [√]::ffff:127.0.0.1 ::> /version 
[[HLS-NEW]] 2021-6-21 14:14:39 /Users/wos/Desktop/live-server/mediaDisk/2021/06/21/1624256028000307504372/16242560280003075043721.m3u8 
[[API]] 2021-6-21 14:14:39 [√]::ffff:127.0.0.1 ::> /version 
[SYSTEM] 2021-6-21 14:18:2 API服务已启动,端口是:8080 
[[API]] 2021-6-21 14:18:34 [√]，::1 ::> /hls 
[[API]] 2021-6-21 14:18:36 [√]，::1 ::> /hls 
[[API]] 2021-6-21 14:18:38 [√]，::1 ::> /hls 
[[API]] 2021-6-21 14:18:41 [√]，::1 ::> /hls 
[[HLS-NEW]] 2021-6-21 14:19:9 /Users/wos/Desktop/live-server/mediaDisk/2021/06/21/1624256314000617170371/16242563140006171703710.m3u8 
[[API]] 2021-6-21 14:19:9 [√]::ffff:127.0.0.1 ::> /version 
[[HLS-NEW]] 2021-6-21 14:19:12 /Users/wos/Desktop/live-server/mediaDisk/2021/06/21/162425631600025946855/1624256316000259468550.m3u8 
[[API]] 2021-6-21 14:19:12 [√]::ffff:127.0.0.1 ::> /version 
[[HLS-NEW]] 2021-6-21 14:19:14 /Users/wos/Desktop/live-server/mediaDisk/2021/06/21/1624256318000422002340/16242563180004220023400.m3u8 
[[API]] 2021-6-21 14:19:14 [√]::ffff:127.0.0.1 ::> /version 
[[HLS-NEW]] 2021-6-21 14:19:15 /Users/wos/Desktop/live-server/mediaDisk/2021/06/21/1624256314000617170371/16242563140006171703711.m3u8 
[[API]] 2021-6-21 14:19:15 [√]::ffff:127.0.0.1 ::> /version 
[[HLS-NEW]] 2021-6-21 14:19:17 /Users/wos/Desktop/live-server/mediaDisk/2021/06/21/162425631600025946855/1624256316000259468551.m3u8 
[[API]] 2021-6-21 14:19:17 [√]::ffff:127.0.0.1 ::> /version 
[[HLS-NEW]] 2021-6-21 14:19:28 /Users/wos/Desktop/live-server/mediaDisk/2021/06/21/1624256321000235541123/16242563210002355411230.m3u8 
[[API]] 2021-6-21 14:19:28 [√]::ffff:127.0.0.1 ::> /version 
[[HLS-NEW]] 2021-6-21 14:19:37 /Users/wos/Desktop/live-server/mediaDisk/2021/06/21/1624256318000422002340/16242563180004220023401.m3u8 
[[API]] 2021-6-21 14:19:37 [√]::ffff:127.0.0.1 ::> /version 
[[HLS-NEW]] 2021-6-21 14:19:38 /Users/wos/Desktop/live-server/mediaDisk/2021/06/21/1624256321000235541123/16242563210002355411231.m3u8 
[[API]] 2021-6-21 14:19:38 [√]::ffff:127.0.0.1 ::> /version 
[[API]] 2021-6-21 14:21:8 [√]，::1 ::> /hls 
[[API]] 2021-6-21 14:21:9 [√]，::1 ::> /hls 
[[API]] 2021-6-21 14:21:11 [√]，::1 ::> /hls 
[[API]] 2021-6-21 14:21:13 [√]，::1 ::> /hls 
[[API]] 2021-6-21 14:21:15 [√]，::1 ::> /hls 
[[API]] 2021-6-21 14:21:18 [√]，::1 ::> /hls 
[[HLS-NEW]] 2021-6-21 14:21:45 /Users/wos/Desktop/live-server/mediaDisk/2021/06/21/162425646800026486117/1624256468000264861170.m3u8 
[[API]] 2021-6-21 14:21:45 [√]::ffff:127.0.0.1 ::> /version 
[[HLS-NEW]] 2021-6-21 14:21:48 /Users/wos/Desktop/live-server/mediaDisk/2021/06/21/1624256469000911871263/16242564690009118712630.m3u8 
[[API]] 2021-6-21 14:21:48 [√]::ffff:127.0.0.1 ::> /version 
[[HLS-NEW]] 2021-6-21 14:21:50 /Users/wos/Desktop/live-server/mediaDisk/2021/06/21/1624256471000178532609/16242564710001785326090.m3u8 
[[API]] 2021-6-21 14:21:50 [√]::ffff:127.0.0.1 ::> /version 
[[HLS-NEW]] 2021-6-21 14:21:55 /Users/wos/Desktop/live-server/mediaDisk/2021/06/21/162425646800026486117/1624256468000264861171.m3u8 
[[API]] 2021-6-21 14:21:55 [√]::ffff:127.0.0.1 ::> /version 
[[HLS-NEW]] 2021-6-21 14:21:56 /Users/wos/Desktop/live-server/mediaDisk/2021/06/21/1624256469000911871263/16242564690009118712631.m3u8 
[[API]] 2021-6-21 14:21:56 [√]::ffff:127.0.0.1 ::> /version 
[[HLS-NEW]] 2021-6-21 14:22:25 /Users/wos/Desktop/live-server/mediaDisk/2021/06/21/162425647800096324581/1624256478000963245810.m3u8 
[[API]] 2021-6-21 14:22:25 [√]::ffff:127.0.0.1 ::> /version 
[[HLS-NEW]] 2021-6-21 14:22:32 /Users/wos/Desktop/live-server/mediaDisk/2021/06/21/16242564730001032573634/162425647300010325736340.m3u8 
[[API]] 2021-6-21 14:22:32 [√]::ffff:127.0.0.1 ::> /version 
[[HLS-NEW]] 2021-6-21 14:22:34 /Users/wos/Desktop/live-server/mediaDisk/2021/06/21/162425647500084338208/1624256475000843382080.m3u8 
[[API]] 2021-6-21 14:22:34 [√]::ffff:127.0.0.1 ::> /version 
[[HLS-NEW]] 2021-6-21 14:22:37 /Users/wos/Desktop/live-server/mediaDisk/2021/06/21/1624256471000178532609/16242564710001785326091.m3u8 
[[API]] 2021-6-21 14:22:37 [√]::ffff:127.0.0.1 ::> /version 
[[HLS-NEW]] 2021-6-21 14:22:42 /Users/wos/Desktop/live-server/mediaDisk/2021/06/21/162425647800096324581/1624256478000963245811.m3u8 
[[API]] 2021-6-21 14:22:42 [√]::ffff:127.0.0.1 ::> /version 
[[HLS-NEW]] 2021-6-21 14:22:51 /Users/wos/Desktop/live-server/mediaDisk/2021/06/21/162425647500084338208/1624256475000843382081.m3u8 
[[API]] 2021-6-21 14:22:51 [√]::ffff:127.0.0.1 ::> /version 
[[HLS-NEW]] 2021-6-21 14:22:53 /Users/wos/Desktop/live-server/mediaDisk/2021/06/21/16242564730001032573634/162425647300010325736341.m3u8 
[[API]] 2021-6-21 14:22:53 [√]::ffff:127.0.0.1 ::> /version 
[SYSTEM] 2021-6-21 14:22:59 API服务已启动,端口是:8080 
[[API]] 2021-6-21 14:25:28 [×]密钥访问错误，::1 ::> /temp/temp.mp4 
[[API]] 2021-6-21 14:25:28 [×]密钥访问错误，::1 ::> /favicon.ico 
[[API]] 2021-6-21 14:26:27 [×]密钥访问错误，::1 ::> /static/temp/temp.mp4 
[[API]] 2021-6-21 14:26:27 [×]密钥访问错误，::1 ::> /favicon.ico 
[SYSTEM] 2021-6-21 14:28:2 API服务已启动,端口是:8080 
[SYSTEM] 2021-6-21 14:28:26 API服务已启动,端口是:8080 
[SYSTEM] 2021-6-21 14:28:59 API服务已启动,端口是:8080 
